<?xml version="1.0" encoding="UTF-8"?>
<!-- Generated by org.testng.reporters.JUnitReportReporter -->
<testsuite skipped="0" hostname="LAPTOP-0HJFKFJV" name="hrm.login" tests="1" failures="0" timestamp="2021-05-23T21:01:42 EET" time="8.908" errors="0">
  <testcase name="verifyAdminLogin" time="8.908" classname="hrm.login"/>
  <system-out/>
</testsuite> <!-- hrm.login -->
