<?xml version="1.0" encoding="UTF-8"?>
<!-- Generated by org.testng.reporters.JUnitReportReporter -->
<testsuite skipped="0" hostname="LAPTOP-0HJFKFJV" name="hrm.UserManagment" tests="1" failures="0" timestamp="2021-05-23T21:01:42 EET" time="0.001" errors="0">
  <testcase name="f" time="0.001" classname="hrm.UserManagment"/>
  <system-out/>
</testsuite> <!-- hrm.UserManagment -->
